<?xml version="1.0" encoding="UTF-8"?>
<testng-results skipped="0" failed="0" total="1" passed="1">
  <reporter-output>
  </reporter-output>
  <suite name="Sample Suite" duration-ms="25889" started-at="2020-01-16T17:52:55Z" finished-at="2020-01-16T17:53:21Z">
    <groups>
    </groups>
    <test name="Sample Test" duration-ms="25889" started-at="2020-01-16T17:52:55Z" finished-at="2020-01-16T17:53:21Z">
      <class name="test.ScenarioTest">
        <test-method status="PASS" signature="beforeSuite(java.lang.String, java.lang.String)[pri:0, instance:test.ScenarioTest@64c64813]" name="beforeSuite" is-config="true" duration-ms="6228" started-at="2020-01-16T23:22:55Z" finished-at="2020-01-16T23:23:01Z">
          <params>
            <param index="0">
              <value>
                <![CDATA[chrome]]>
              </value>
            </param>
            <param index="1">
              <value>
                <![CDATA[https://www.amazon.in/]]>
              </value>
            </param>
          </params>
          <reporter-output>
          </reporter-output>
        </test-method> <!-- beforeSuite -->
        <test-method status="PASS" signature="selectTwoTC()[pri:0, instance:test.ScenarioTest@64c64813]" name="selectTwoTC" duration-ms="18515" started-at="2020-01-16T23:23:01Z" finished-at="2020-01-16T23:23:20Z">
          <reporter-output>
          </reporter-output>
        </test-method> <!-- selectTwoTC -->
        <test-method status="PASS" signature="afterSuite()[pri:0, instance:test.ScenarioTest@64c64813]" name="afterSuite" is-config="true" duration-ms="607" started-at="2020-01-16T23:23:20Z" finished-at="2020-01-16T23:23:21Z">
          <reporter-output>
          </reporter-output>
        </test-method> <!-- afterSuite -->
      </class> <!-- test.ScenarioTest -->
    </test> <!-- Sample Test -->
  </suite> <!-- Sample Suite -->
</testng-results>
